2021-03-29 12:33:19,196 - app.views.error - INFO - not_found_error ocuured
2021-03-29 12:33:30,932 - app.views.error - INFO - not_found_error ocuured
2021-03-29 12:33:34,751 - app.views.error - INFO - not_found_error ocuured
2021-03-29 12:33:38,047 - app.views.error - INFO - not_found_error ocuured
2021-03-29 12:33:59,695 - app.views.error - INFO - not_found_error ocuured
2021-03-29 12:44:01,305 - app.views.error - INFO - not_found_error ocuured
2021-03-29 12:50:01,080 - app.views.error - INFO - not_found_error ocuured
2021-03-29 12:54:37,393 - app.views.error - INFO - not_found_error ocuured
2021-03-29 12:54:52,748 - app.views.error - INFO - not_found_error ocuured
2021-03-29 12:55:07,028 - app.views.error - INFO - not_found_error ocuured
2021-03-29 12:55:23,916 - app.views.error - INFO - not_found_error ocuured
2021-03-29 12:55:38,365 - app.views.error - INFO - not_found_error ocuured
2021-03-29 12:55:59,505 - app.views.error - INFO - not_found_error ocuured
2021-03-29 12:56:47,060 - app.views.error - INFO - not_found_error ocuured
2021-03-29 12:57:33,662 - app.views.error - INFO - not_found_error ocuured
2021-03-29 12:57:49,149 - app.views.error - INFO - not_found_error ocuured
2021-03-29 12:58:26,163 - app.views.error - INFO - not_found_error ocuured
2021-03-29 13:02:39,644 - app.views.error - INFO - not_found_error ocuured
2021-03-29 13:02:59,020 - app.views.error - INFO - not_found_error ocuured
2021-03-29 13:03:16,947 - app.views.error - INFO - not_found_error ocuured
2021-03-29 13:23:47,506 - app.views.error - INFO - not_found_error ocuured
2021-03-29 13:23:58,243 - app.views.error - INFO - not_found_error ocuured
2021-03-29 13:25:35,337 - app.views.error - INFO - not_found_error ocuured
2021-03-29 13:27:27,142 - app.views.error - INFO - not_found_error ocuured
2021-03-29 13:27:52,989 - app.views.error - INFO - not_found_error ocuured
2021-03-29 13:28:33,381 - app.views.error - INFO - not_found_error ocuured
2021-03-29 13:31:00,024 - app.views.error - INFO - not_found_error ocuured
2021-03-29 13:31:19,293 - app.views.error - INFO - not_found_error ocuured
2021-03-29 13:31:40,784 - app.views.error - INFO - not_found_error ocuured
2021-03-29 13:32:37,560 - app.views.error - INFO - not_found_error ocuured
2021-03-29 13:33:20,518 - app.views.error - INFO - not_found_error ocuured
2021-03-29 13:33:47,398 - app.views.error - INFO - not_found_error ocuured
2021-03-29 13:34:01,838 - app.views.error - INFO - not_found_error ocuured
2021-03-29 13:34:30,761 - app.views.error - INFO - not_found_error ocuured
2021-03-29 13:34:52,526 - app.views.error - INFO - not_found_error ocuured
2021-03-29 13:35:33,886 - app.views.error - INFO - not_found_error ocuured
2021-03-29 13:45:44,538 - app.views.error - INFO - not_found_error ocuured
2021-03-30 11:38:27,281 - app.views.index - DEBUG - start login POST
2021-03-30 11:41:09,364 - app.views.index - DEBUG - start login POST
2021-03-30 11:41:35,032 - app.views.index - DEBUG - start login POST
2021-03-30 11:42:21,896 - app.views.index - DEBUG - start login POST
2021-03-30 11:44:31,123 - app.views.index - DEBUG - start login POST
2021-03-30 11:44:31,336 - app.views.error - INFO - not_found_error ocuured
2021-03-30 11:44:31,384 - app.views.error - INFO - not_found_error ocuured
2021-03-30 11:44:32,197 - app.views.error - INFO - not_found_error ocuured
2021-03-30 12:13:28,250 - app.views.index - DEBUG - start login POST
2021-03-30 12:13:28,436 - app.views.error - INFO - not_found_error ocuured
2021-03-30 12:13:29,032 - app.views.error - INFO - not_found_error ocuured
2021-03-30 12:14:19,074 - app.views.index - DEBUG - start login POST
2021-03-30 12:14:19,287 - app.views.error - INFO - not_found_error ocuured
2021-03-30 12:14:19,927 - app.views.error - INFO - not_found_error ocuured
2021-03-30 12:17:34,573 - app.views.index - DEBUG - start login POST
2021-03-30 12:17:35,368 - app.views.error - INFO - not_found_error ocuured
2021-03-30 12:18:43,743 - app.views.index - DEBUG - start login POST
2021-03-30 12:18:44,611 - app.views.error - INFO - not_found_error ocuured
2021-03-30 12:19:38,984 - app.views.index - DEBUG - start login POST
2021-03-30 12:19:39,766 - app.views.error - INFO - not_found_error ocuured
2021-03-30 12:19:43,832 - app.views.index - DEBUG - start login POST
2021-03-30 12:19:44,106 - app.views.error - INFO - not_found_error ocuured
2021-03-30 12:20:46,883 - app.views.index - DEBUG - start login POST
2021-03-30 12:20:47,627 - app.views.error - INFO - not_found_error ocuured
2021-03-30 12:25:29,748 - app.views.index - DEBUG - start login POST
2021-03-30 12:25:30,510 - app.views.error - INFO - not_found_error ocuured
2021-03-30 12:26:12,101 - app.views.index - DEBUG - start login POST
2021-03-30 12:26:12,893 - app.views.error - INFO - not_found_error ocuured
2021-03-30 12:26:19,593 - app.views.index - DEBUG - start login POST
2021-03-30 12:26:19,924 - app.views.error - INFO - not_found_error ocuured
2021-03-30 12:26:24,837 - app.views.index - DEBUG - start login POST
2021-03-30 12:26:25,540 - app.views.error - INFO - not_found_error ocuured
2021-03-30 12:27:48,973 - app.views.index - DEBUG - start login POST
2021-03-30 12:27:49,727 - app.views.error - INFO - not_found_error ocuured
2021-03-30 12:28:34,043 - app.views.index - DEBUG - start login POST
2021-03-30 12:28:34,860 - app.views.error - INFO - not_found_error ocuured
2021-03-30 12:28:49,264 - app.views.index - DEBUG - start login POST
2021-03-30 12:28:50,076 - app.views.error - INFO - not_found_error ocuured
2021-03-30 12:30:22,552 - app.views.error - INFO - not_found_error ocuured
2021-03-30 12:30:23,376 - app.views.error - INFO - not_found_error ocuured
2021-03-30 12:30:30,237 - app.views.error - INFO - not_found_error ocuured
2021-03-30 12:31:35,607 - app.views.index - DEBUG - start login POST
2021-03-30 12:31:36,320 - app.views.error - INFO - not_found_error ocuured
2021-03-30 12:31:48,780 - app.views.error - INFO - not_found_error ocuured
2021-03-30 12:31:49,528 - app.views.error - INFO - not_found_error ocuured
2021-03-30 12:31:50,634 - app.views.index - DEBUG - start login POST
2021-03-30 12:31:50,964 - app.views.error - INFO - not_found_error ocuured
2021-03-30 12:32:35,824 - app.views.error - INFO - not_found_error ocuured
2021-03-30 12:32:37,694 - app.models.entry - DEBUG - --- Entry select_status start ---
2021-03-30 12:32:40,206 - app.views.error - INFO - not_found_error ocuured
2021-03-30 12:32:42,543 - app.views.sample - DEBUG - start mail_index
2021-03-30 12:32:42,546 - app.views.sample - DEBUG - start mail_index GET
2021-03-30 12:32:42,681 - app.views.error - INFO - not_found_error ocuured
2021-03-30 12:32:42,937 - app.views.error - INFO - not_found_error ocuured
2021-03-30 12:32:49,977 - app.views.sample - DEBUG - start mail_index
2021-03-30 12:32:49,983 - app.views.sample - DEBUG - start mail_index POST
2021-03-30 12:32:50,017 - app.func.mail - ERROR - --- User update exception message:'MAIL_SERVER'
2021-03-30 12:32:50,035 - app.views.sample - DEBUG - start mail_index
2021-03-30 12:32:50,037 - app.views.sample - DEBUG - start mail_index GET
2021-03-30 12:32:50,166 - app.views.error - INFO - not_found_error ocuured
2021-03-30 12:32:50,362 - app.views.error - INFO - not_found_error ocuured
2021-03-30 12:36:12,250 - app.views.sample - DEBUG - start mail_index
2021-03-30 12:36:12,253 - app.views.sample - DEBUG - start mail_index GET
2021-03-30 12:36:12,422 - app.views.error - INFO - not_found_error ocuured
2021-03-30 12:36:13,002 - app.views.error - INFO - not_found_error ocuured
2021-03-30 12:36:18,528 - app.views.sample - DEBUG - start mail_index
2021-03-30 12:36:18,533 - app.views.sample - DEBUG - start mail_index POST
2021-03-30 12:36:18,562 - app.func.mail - ERROR - --- User update exception message:'MAIL_SERVER'
2021-03-30 12:36:18,586 - app.views.sample - DEBUG - start mail_index
2021-03-30 12:36:18,590 - app.views.sample - DEBUG - start mail_index GET
2021-03-30 12:36:18,703 - app.views.error - INFO - not_found_error ocuured
2021-03-30 12:36:18,918 - app.views.error - INFO - not_found_error ocuured
2021-03-30 12:38:14,798 - app.views.sample - DEBUG - start mail_index
2021-03-30 12:38:14,804 - app.views.sample - DEBUG - start mail_index GET
2021-03-30 12:38:15,061 - app.views.error - INFO - not_found_error ocuured
2021-03-30 12:38:15,745 - app.views.error - INFO - not_found_error ocuured
2021-03-30 12:38:21,625 - app.views.sample - DEBUG - start mail_index
2021-03-30 12:38:21,630 - app.views.sample - DEBUG - start mail_index POST
2021-03-30 12:38:21,656 - app.func.mail - DEBUG - !!!!!! current_app.config[MAIL_SERVER]:mail.uhfx.sakura.ne.jp
2021-03-30 12:38:21,657 - app.func.mail - DEBUG - !!!!!! current_app.config[MAIL_PORT]:587
2021-03-30 12:38:22,253 - app.func.mail - ERROR - --- User update exception message:(530, b'5.7.0 Authentication required', 'info@a.con')
2021-03-30 12:38:22,264 - app.views.sample - DEBUG - start mail_index
2021-03-30 12:38:22,266 - app.views.sample - DEBUG - start mail_index GET
2021-03-30 12:38:22,443 - app.views.error - INFO - not_found_error ocuured
2021-03-30 12:38:22,741 - app.views.error - INFO - not_found_error ocuured
2021-03-30 12:44:12,117 - app.views.sample - DEBUG - start mail_index
2021-03-30 12:44:12,120 - app.views.sample - DEBUG - start mail_index GET
2021-03-30 12:44:12,342 - app.views.error - INFO - not_found_error ocuured
2021-03-30 12:44:12,860 - app.views.error - INFO - not_found_error ocuured
2021-03-30 12:44:17,163 - app.views.sample - DEBUG - start mail_index
2021-03-30 12:44:17,169 - app.views.sample - DEBUG - start mail_index POST
2021-03-30 12:45:27,246 - app.views.sample - DEBUG - start mail_index
2021-03-30 12:45:27,251 - app.views.sample - DEBUG - start mail_index POST
2021-03-30 12:45:27,278 - app.func.mail - DEBUG - !!!!!! current_app.config[MAIL_SERVER]:mail.uhfx.sakura.ne.jp
2021-03-30 12:45:27,278 - app.func.mail - DEBUG - !!!!!! current_app.config[MAIL_PORT]:587
2021-03-30 12:45:27,515 - app.func.mail - ERROR - --- User update exception message:(530, b'5.7.0 Authentication required', 'info@a.con')
2021-03-30 12:45:27,529 - app.views.sample - DEBUG - start mail_index
2021-03-30 12:45:27,530 - app.views.sample - DEBUG - start mail_index GET
2021-03-30 12:45:27,766 - app.views.error - INFO - not_found_error ocuured
2021-03-30 12:45:28,454 - app.views.error - INFO - not_found_error ocuured
2021-03-30 12:45:30,508 - app.views.sample - DEBUG - start mail_index
2021-03-30 12:45:30,510 - app.views.sample - DEBUG - start mail_index GET
2021-03-30 12:45:30,624 - app.views.error - INFO - not_found_error ocuured
2021-03-30 12:45:30,842 - app.views.error - INFO - not_found_error ocuured
2021-03-30 12:45:34,603 - app.views.sample - DEBUG - start mail_index
2021-03-30 12:45:34,606 - app.views.sample - DEBUG - start mail_index POST
2021-03-30 12:45:34,609 - app.func.mail - DEBUG - !!!!!! current_app.config[MAIL_SERVER]:mail.uhfx.sakura.ne.jp
2021-03-30 12:45:34,610 - app.func.mail - DEBUG - !!!!!! current_app.config[MAIL_PORT]:587
2021-03-30 12:45:34,845 - app.func.mail - ERROR - --- User update exception message:(530, b'5.7.0 Authentication required', 'info@a.con')
2021-03-30 12:45:34,857 - app.views.sample - DEBUG - start mail_index
2021-03-30 12:45:34,858 - app.views.sample - DEBUG - start mail_index GET
2021-03-30 12:45:34,984 - app.views.error - INFO - not_found_error ocuured
2021-03-30 12:45:35,242 - app.views.error - INFO - not_found_error ocuured
2021-03-30 12:46:00,929 - app.views.error - INFO - not_found_error ocuured
2021-03-30 12:46:06,699 - app.views.sample - DEBUG - check session input status
2021-03-30 12:46:06,700 - app.models.user - DEBUG - --- User select_all start ---
2021-03-30 12:46:06,722 - app.models.user - ERROR - --- User select_all exception message:No module named 'cx_Oracle'
2021-03-30 12:46:06,723 - app.models.user - DEBUG - --- User select_all end   ---
2021-03-30 12:49:09,384 - app.views.error - INFO - not_found_error ocuured
2021-03-30 12:49:11,125 - app.views.sample - DEBUG - check session input status
2021-03-30 12:49:11,126 - app.models.user - DEBUG - --- User select_all start ---
2021-03-30 12:49:16,936 - app.models.user - ERROR - --- User select_all exception message:No module named 'pymysql'
2021-03-30 12:49:16,937 - app.models.user - DEBUG - --- User select_all end   ---
2021-03-30 12:50:43,767 - app.views.error - INFO - not_found_error ocuured
2021-03-30 12:50:44,487 - app.views.sample - DEBUG - check session input status
2021-03-30 12:50:44,488 - app.models.user - DEBUG - --- User select_all start ---
2021-03-30 12:50:44,582 - app.models.user - ERROR - --- User select_all exception message:No module named 'pymysql'
2021-03-30 12:50:44,582 - app.models.user - DEBUG - --- User select_all end   ---
2021-03-30 12:50:44,740 - app.views.error - INFO - not_found_error ocuured
2021-03-30 12:50:45,008 - app.views.error - INFO - not_found_error ocuured
2021-03-30 12:53:25,630 - app.views.error - INFO - not_found_error ocuured
2021-03-30 12:53:26,320 - app.views.sample - DEBUG - check session input status
2021-03-30 12:53:26,321 - app.models.user - DEBUG - --- User select_all start ---
2021-03-30 12:53:36,445 - app.models.user - ERROR - --- User select_all exception message:(pymysql.err.OperationalError) (2003, "Can't connect to MySQL server on '192.168.50.84' (timed out)")
(Background on this error at: http://sqlalche.me/e/14/e3q8)
2021-03-30 12:53:36,446 - app.models.user - DEBUG - --- User select_all end   ---
2021-03-30 12:53:36,630 - app.views.error - INFO - not_found_error ocuured
2021-03-30 12:53:37,154 - app.views.error - INFO - not_found_error ocuured
2021-03-30 12:53:46,704 - app.views.error - INFO - not_found_error ocuured
2021-03-30 12:53:49,275 - app.views.sample - DEBUG - start mail_index
2021-03-30 12:53:49,276 - app.views.sample - DEBUG - start mail_index GET
2021-03-30 12:53:49,419 - app.views.error - INFO - not_found_error ocuured
2021-03-30 12:53:49,628 - app.views.error - INFO - not_found_error ocuured
2021-03-30 12:53:54,500 - app.views.sample - DEBUG - start mail_index
2021-03-30 12:53:54,505 - app.views.sample - DEBUG - start mail_index POST
2021-03-30 12:53:54,528 - app.func.mail - DEBUG - !!!!!! current_app.config[MAIL_SERVER]:mail.uhfx.sakura.ne.jp
2021-03-30 12:53:54,528 - app.func.mail - DEBUG - !!!!!! current_app.config[MAIL_PORT]:587
2021-03-30 12:53:54,869 - app.func.mail - ERROR - --- User update exception message:(530, b'5.7.0 Authentication required', 'info@a.con')
2021-03-30 12:53:54,899 - app.views.sample - DEBUG - start mail_index
2021-03-30 12:53:54,901 - app.views.sample - DEBUG - start mail_index GET
2021-03-30 12:53:55,037 - app.views.error - INFO - not_found_error ocuured
2021-03-30 12:53:55,288 - app.views.error - INFO - not_found_error ocuured
2021-03-30 12:55:53,887 - app.views.sample - DEBUG - start mail_index
2021-03-30 12:55:53,890 - app.views.sample - DEBUG - start mail_index GET
2021-03-30 12:55:54,069 - app.views.error - INFO - not_found_error ocuured
2021-03-30 12:55:54,662 - app.views.error - INFO - not_found_error ocuured
2021-03-30 12:55:58,809 - app.views.sample - DEBUG - start mail_index
2021-03-30 12:55:58,815 - app.views.sample - DEBUG - start mail_index POST
2021-03-30 12:55:58,850 - app.func.mail - DEBUG - !!!!!! current_app.config[MAIL_SERVER]:mail.uhfx.sakura.ne.jp
2021-03-30 12:55:58,851 - app.func.mail - DEBUG - !!!!!! current_app.config[MAIL_PORT]:587
2021-03-30 12:55:59,338 - app.func.mail - ERROR - --- User update exception message:(553, b'5.1.8 <info@a.con>... Domain of sender address info@a.con does not exist', 'info@a.con')
2021-03-30 12:55:59,360 - app.views.sample - DEBUG - start mail_index
2021-03-30 12:55:59,368 - app.views.sample - DEBUG - start mail_index GET
2021-03-30 12:55:59,536 - app.views.error - INFO - not_found_error ocuured
2021-03-30 12:55:59,827 - app.views.error - INFO - not_found_error ocuured
2021-03-30 12:58:13,687 - app.views.sample - DEBUG - start mail_index
2021-03-30 12:58:13,690 - app.views.sample - DEBUG - start mail_index GET
2021-03-30 12:58:13,872 - app.views.error - INFO - not_found_error ocuured
2021-03-30 12:58:14,420 - app.views.error - INFO - not_found_error ocuured
2021-03-30 12:58:18,456 - app.views.sample - DEBUG - start mail_index
2021-03-30 12:58:18,461 - app.views.sample - DEBUG - start mail_index POST
2021-03-30 12:58:18,507 - app.func.mail - DEBUG - !!!!!! current_app.config[MAIL_SERVER]:mail.uhfx.sakura.ne.jp
2021-03-30 12:58:18,508 - app.func.mail - DEBUG - !!!!!! current_app.config[MAIL_PORT]:587
2021-03-30 12:58:18,512 - app.func.mail - DEBUG - !!!!!! current_app.config[MAIL_USERNAME]:system@uhfx.sakura.ne.jp
2021-03-30 12:58:18,532 - app.func.mail - DEBUG - !!!!!! current_app.config[MAIL_PORT]:rx014vy9
2021-03-30 12:58:19,006 - app.func.mail - ERROR - --- User update exception message:(553, b'5.1.8 <info@a.con>... Domain of sender address info@a.con does not exist', 'info@a.con')
2021-03-30 12:58:19,025 - app.views.sample - DEBUG - start mail_index
2021-03-30 12:58:19,029 - app.views.sample - DEBUG - start mail_index GET
2021-03-30 12:58:19,206 - app.views.error - INFO - not_found_error ocuured
2021-03-30 12:58:19,510 - app.views.error - INFO - not_found_error ocuured
2021-03-30 13:03:24,445 - app.views.sample - DEBUG - start mail_index
2021-03-30 13:03:24,448 - app.views.sample - DEBUG - start mail_index GET
2021-03-30 13:03:24,649 - app.views.error - INFO - not_found_error ocuured
2021-03-30 13:03:25,241 - app.views.error - INFO - not_found_error ocuured
2021-03-30 13:03:29,057 - app.views.sample - DEBUG - start mail_index
2021-03-30 13:03:29,062 - app.views.sample - DEBUG - start mail_index POST
2021-03-30 13:03:29,100 - app.func.mail - DEBUG - !!!!!! current_app.config[MAIL_SERVER]:192.0.2.123
2021-03-30 13:03:29,100 - app.func.mail - DEBUG - !!!!!! current_app.config[MAIL_USERNAME]:example.com
2021-03-30 13:03:50,169 - app.func.mail - ERROR - --- User update exception message:[WinError 10060] 接続済みの呼び出し先が一定の時間を過ぎても正しく応答しなかったため、接続できませんでした。または接続済みのホストが応答しなかったため、確立された接続は失敗しました。
2021-03-30 13:03:50,205 - app.views.sample - DEBUG - start mail_index
2021-03-30 13:03:50,207 - app.views.sample - DEBUG - start mail_index GET
2021-03-30 13:03:50,366 - app.views.error - INFO - not_found_error ocuured
2021-03-30 13:03:50,893 - app.views.error - INFO - not_found_error ocuured
2021-03-30 13:21:55,971 - app.views.error - INFO - not_found_error ocuured
2021-03-30 13:21:59,333 - app.views.sample - DEBUG - check session input status
2021-03-30 13:21:59,334 - app.models.user - DEBUG - --- User select_all start ---
2021-03-30 13:22:09,503 - app.models.user - ERROR - --- User select_all exception message:(pymysql.err.OperationalError) (2003, "Can't connect to MySQL server on '192.168.50.84' (timed out)")
(Background on this error at: http://sqlalche.me/e/14/e3q8)
2021-03-30 13:22:09,503 - app.models.user - DEBUG - --- User select_all end   ---
2021-03-30 13:22:09,746 - app.views.error - INFO - not_found_error ocuured
2021-03-30 13:22:10,312 - app.views.error - INFO - not_found_error ocuured
2021-03-30 13:22:12,932 - app.views.error - INFO - not_found_error ocuured
2021-03-30 13:22:14,258 - app.views.sample - DEBUG - start web_index
2021-03-30 13:22:14,259 - app.views.sample - DEBUG - start web_index GET
2021-03-30 13:23:32,295 - app.views.sample - DEBUG - start web_index
2021-03-30 13:23:32,298 - app.views.sample - DEBUG - start web_index GET
2021-03-30 13:23:35,888 - app.views.error - INFO - not_found_error ocuured
2021-03-30 13:23:37,116 - app.views.sample - DEBUG - start web_index
2021-03-30 13:23:37,118 - app.views.sample - DEBUG - start web_index GET
2021-03-30 13:24:50,913 - app.views.error - INFO - not_found_error ocuured
2021-03-30 13:24:51,961 - app.views.sample - DEBUG - start web_index
2021-03-30 13:24:51,962 - app.views.sample - DEBUG - start web_index GET
2021-03-30 13:24:52,128 - app.views.error - INFO - not_found_error ocuured
2021-03-30 13:24:52,362 - app.views.error - INFO - not_found_error ocuured
2021-03-30 13:25:02,104 - app.views.sample - DEBUG - start web_index
2021-03-30 13:25:02,110 - app.views.sample - DEBUG - start web_index POST
2021-03-30 13:25:02,122 - app.views.sample - DEBUG - start web_index
2021-03-30 13:25:02,130 - app.views.sample - DEBUG - start web_index GET
2021-03-30 13:25:02,271 - app.views.error - INFO - not_found_error ocuured
2021-03-30 13:25:02,563 - app.views.error - INFO - not_found_error ocuured
2021-03-30 13:26:16,443 - app.views.index - DEBUG - start login POST
2021-03-30 13:26:16,878 - app.views.error - INFO - not_found_error ocuured
2021-03-30 13:26:21,082 - app.views.error - INFO - not_found_error ocuured
2021-03-30 13:26:22,728 - app.views.sample - DEBUG - start mail_index
2021-03-30 13:26:22,730 - app.views.sample - DEBUG - start mail_index GET
2021-03-30 13:26:22,859 - app.views.error - INFO - not_found_error ocuured
2021-03-30 13:26:23,089 - app.views.error - INFO - not_found_error ocuured
2021-03-30 13:27:00,714 - app.views.sample - DEBUG - start mail_index
2021-03-30 13:27:00,716 - app.views.sample - DEBUG - start mail_index GET
2021-03-30 13:27:00,869 - app.views.error - INFO - not_found_error ocuured
2021-03-30 13:27:01,424 - app.views.error - INFO - not_found_error ocuured
2021-03-30 13:27:04,720 - app.views.error - INFO - not_found_error ocuured
2021-03-30 13:27:08,924 - app.views.index - DEBUG - start login POST
2021-03-30 13:27:09,209 - app.views.error - INFO - not_found_error ocuured
